# JRE version: Java(TM) SE Runtime Environment (9.0+11) (build 9.0.4+11)
# Java VM: Java HotSpot(TM) 64-Bit Server VM (9.0.4+11, mixed mode, tiered, compressed oops, g1 gc, linux-amd64)
Heap:
 garbage-first heap   total 146432K, used 28466K [0x00000000c4400000, 0x00000000c4500478, 0x0000000100000000)
  region size 1024K, 1 young (1024K), 1 survivors (1024K)
 Metaspace       used 41079K, capacity 43530K, committed 43776K, reserved 1087488K
  class space    used 4910K, capacity 5325K, committed 5376K, reserved 1048576K
GC Heap History (10 events):
Event: 19,387 GC heap after
{Heap after GC invocations=19 (full 0):
 garbage-first heap   total 90112K, used 27823K [0x00000000c4400000, 0x00000000c45002c0, 0x0000000100000000)
  region size 1024K, 5 young (5120K), 5 survivors (5120K)
 Metaspace       used 38972K, capacity 41152K, committed 41472K, reserved 1085440K
  class space    used 4625K, capacity 5012K, committed 5120K, reserved 1048576K
}
Event: 27,243 GC heap before
{Heap before GC invocations=19 (full 0):
 garbage-first heap   total 90112K, used 66735K [0x00000000c4400000, 0x00000000c45002c0, 0x0000000100000000)
  region size 1024K, 43 young (44032K), 5 survivors (5120K)
 Metaspace       used 39559K, capacity 41766K, committed 41984K, reserved 1085440K
  class space    used 4686K, capacity 5045K, committed 5120K, reserved 1048576K
}
Event: 27,374 GC heap after
{Heap after GC invocations=20 (full 0):
 garbage-first heap   total 90112K, used 27636K [0x00000000c4400000, 0x00000000c45002c0, 0x0000000100000000)
  region size 1024K, 3 young (3072K), 3 survivors (3072K)
 Metaspace       used 39559K, capacity 41766K, committed 41984K, reserved 1085440K
  class space    used 4686K, capacity 5045K, committed 5120K, reserved 1048576K
}
Event: 115,357 GC heap before
{Heap before GC invocations=20 (full 0):
 garbage-first heap   total 90112K, used 70644K [0x00000000c4400000, 0x00000000c45002c0, 0x0000000100000000)
  region size 1024K, 45 young (46080K), 3 survivors (3072K)
 Metaspace       used 40803K, capacity 43182K, committed 43520K, reserved 1087488K
  class space    used 4864K, capacity 5281K, committed 5376K, reserved 1048576K
}
Event: 116,951 GC heap after
{Heap after GC invocations=21 (full 0):
 garbage-first heap   total 90112K, used 29406K [0x00000000c4400000, 0x00000000c45002c0, 0x0000000100000000)
  region size 1024K, 5 young (5120K), 5 survivors (5120K)
 Metaspace       used 40803K, capacity 43182K, committed 43520K, reserved 1087488K
  class space    used 4864K, capacity 5281K, committed 5376K, reserved 1048576K
}
Event: 118,319 GC heap before
{Heap before GC invocations=21 (full 0):
 garbage-first heap   total 90112K, used 30430K [0x00000000c4400000, 0x00000000c45002c0, 0x0000000100000000)
  region size 1024K, 6 young (6144K), 5 survivors (5120K)
 Metaspace       used 40894K, capacity 43348K, committed 43520K, reserved 1087488K
  class space    used 4880K, capacity 5302K, committed 5376K, reserved 1048576K
}
Event: 118,352 GC heap after
{Heap after GC invocations=22 (full 0):
 garbage-first heap   total 90112K, used 28841K [0x00000000c4400000, 0x00000000c45002c0, 0x0000000100000000)
  region size 1024K, 1 young (1024K), 1 survivors (1024K)
 Metaspace       used 40894K, capacity 43348K, committed 43520K, reserved 1087488K
  class space    used 4880K, capacity 5302K, committed 5376K, reserved 1048576K
}
Event: 123,120 GC heap before
{Heap before GC invocations=22 (full 0):
 garbage-first heap   total 90112K, used 31913K [0x00000000c4400000, 0x00000000c45002c0, 0x0000000100000000)
  region size 1024K, 4 young (4096K), 1 survivors (1024K)
 Metaspace       used 40988K, capacity 43502K, committed 43776K, reserved 1087488K
  class space    used 4897K, capacity 5319K, committed 5376K, reserved 1048576K
}
Event: 123,901 GC heap after
{Heap after GC invocations=23 (full 0):
 garbage-first heap   total 90112K, used 28497K [0x00000000c4400000, 0x00000000c45002c0, 0x0000000100000000)
  region size 1024K, 1 young (1024K), 1 survivors (1024K)
 Metaspace       used 40988K, capacity 43502K, committed 43776K, reserved 1087488K
  class space    used 4897K, capacity 5319K, committed 5376K, reserved 1048576K
}
Event: 124,560 GC heap before
{Heap before GC invocations=23 (full 0):
 garbage-first heap   total 90112K, used 31569K [0x00000000c4400000, 0x00000000c45002c0, 0x0000000100000000)
  region size 1024K, 4 young (4096K), 1 survivors (1024K)
 Metaspace       used 41079K, capacity 43530K, committed 43776K, reserved 1087488K
  class space    used 4910K, capacity 5325K, committed 5376K, reserved 1048576K
}

